2024-09-18 22:39:44 0 [Note] Starting MariaDB 10.4.32-MariaDB source revision c4143f909528e3fab0677a28631d10389354c491 as process 23584
2024-09-18 22:39:44 0 [Note] InnoDB: Mutexes and rw_locks use Windows interlocked functions
2024-09-18 22:39:44 0 [Note] InnoDB: Uses event mutexes
2024-09-18 22:39:44 0 [Note] InnoDB: Compressed tables use zlib 1.3
2024-09-18 22:39:44 0 [Note] InnoDB: Number of pools: 1
2024-09-18 22:39:44 0 [Note] InnoDB: Using SSE2 crc32 instructions
2024-09-18 22:39:44 0 [Note] InnoDB: Initializing buffer pool, total size = 16M, instances = 1, chunk size = 16M
2024-09-18 22:39:44 0 [Note] InnoDB: Completed initialization of buffer pool
2024-09-18 22:39:44 0 [Note] InnoDB: Starting crash recovery from checkpoint LSN=300288
2024-09-18 22:39:45 0 [Note] InnoDB: 128 out of 128 rollback segments are active.
2024-09-18 22:39:45 0 [Note] InnoDB: Removed temporary tablespace data file: "ibtmp1"
2024-09-18 22:39:45 0 [Note] InnoDB: Creating shared tablespace for temporary tables
2024-09-18 22:39:45 0 [Note] InnoDB: Setting file 'D:\xampp\mysql\data\ibtmp1' size to 12 MB. Physically writing the file full; Please wait ...
2024-09-18 22:39:45 0 [Note] InnoDB: File 'D:\xampp\mysql\data\ibtmp1' size is now 12 MB.
2024-09-18 22:39:45 0 [Note] InnoDB: Waiting for purge to start
2024-09-18 22:39:45 0 [Note] InnoDB: 10.4.32 started; log sequence number 300297; transaction id 170
2024-09-18 22:39:45 0 [Note] InnoDB: Loading buffer pool(s) from D:\xampp\mysql\data\ib_buffer_pool
2024-09-18 22:39:45 0 [Note] Plugin 'FEEDBACK' is disabled.
2024-09-18 22:39:45 0 [Note] Server socket created on IP: '::'.
2024-09-19  6:55:10 0 [Note] Starting MariaDB 10.4.32-MariaDB source revision c4143f909528e3fab0677a28631d10389354c491 as process 2084
2024-09-19  6:55:10 0 [Note] InnoDB: Mutexes and rw_locks use Windows interlocked functions
2024-09-19  6:55:10 0 [Note] InnoDB: Uses event mutexes
2024-09-19  6:55:10 0 [Note] InnoDB: Compressed tables use zlib 1.3
2024-09-19  6:55:10 0 [Note] InnoDB: Number of pools: 1
2024-09-19  6:55:10 0 [Note] InnoDB: Using SSE2 crc32 instructions
2024-09-19  6:55:10 0 [Note] InnoDB: Initializing buffer pool, total size = 16M, instances = 1, chunk size = 16M
2024-09-19  6:55:10 0 [Note] InnoDB: Completed initialization of buffer pool
2024-09-19  6:55:10 0 [Note] InnoDB: Starting crash recovery from checkpoint LSN=20063689
2024-09-19  6:55:10 0 [Note] InnoDB: 128 out of 128 rollback segments are active.
2024-09-19  6:55:10 0 [Note] InnoDB: Removed temporary tablespace data file: "ibtmp1"
2024-09-19  6:55:10 0 [Note] InnoDB: Creating shared tablespace for temporary tables
2024-09-19  6:55:10 0 [Note] InnoDB: Setting file 'D:\xampp\mysql\data\ibtmp1' size to 12 MB. Physically writing the file full; Please wait ...
2024-09-19  6:55:10 0 [Note] InnoDB: File 'D:\xampp\mysql\data\ibtmp1' size is now 12 MB.
2024-09-19  6:55:10 0 [Note] InnoDB: Waiting for purge to start
2024-09-19  6:55:11 0 [Note] InnoDB: 10.4.32 started; log sequence number 20063698; transaction id 13394
2024-09-19  6:55:11 0 [Note] InnoDB: Loading buffer pool(s) from D:\xampp\mysql\data\ib_buffer_pool
2024-09-19  6:55:11 0 [Note] Plugin 'FEEDBACK' is disabled.
2024-09-19  6:55:11 0 [Note] InnoDB: Buffer pool(s) load completed at 240919  6:55:11
2024-09-19  6:55:11 0 [Note] Server socket created on IP: '::'.
2024-09-19  6:55:54 0 [Note] Starting MariaDB 10.4.32-MariaDB source revision c4143f909528e3fab0677a28631d10389354c491 as process 11992
2024-09-19  6:55:55 0 [Note] InnoDB: Mutexes and rw_locks use Windows interlocked functions
2024-09-19  6:55:55 0 [Note] InnoDB: Uses event mutexes
2024-09-19  6:55:55 0 [Note] InnoDB: Compressed tables use zlib 1.3
2024-09-19  6:55:55 0 [Note] InnoDB: Number of pools: 1
2024-09-19  6:55:55 0 [Note] InnoDB: Using SSE2 crc32 instructions
2024-09-19  6:55:55 0 [Note] InnoDB: Initializing buffer pool, total size = 16M, instances = 1, chunk size = 16M
2024-09-19  6:55:55 0 [Note] InnoDB: Completed initialization of buffer pool
2024-09-19  6:55:55 0 [Note] InnoDB: Starting crash recovery from checkpoint LSN=20063689
2024-09-19  6:55:55 0 [Note] InnoDB: 128 out of 128 rollback segments are active.
2024-09-19  6:55:55 0 [Note] InnoDB: Removed temporary tablespace data file: "ibtmp1"
2024-09-19  6:55:55 0 [Note] InnoDB: Creating shared tablespace for temporary tables
2024-09-19  6:55:55 0 [Note] InnoDB: Setting file 'D:\xampp\mysql\data\ibtmp1' size to 12 MB. Physically writing the file full; Please wait ...
2024-09-19  6:55:55 0 [Note] InnoDB: File 'D:\xampp\mysql\data\ibtmp1' size is now 12 MB.
2024-09-19  6:55:55 0 [Note] InnoDB: Waiting for purge to start
2024-09-19  6:55:55 0 [Note] InnoDB: 10.4.32 started; log sequence number 20063698; transaction id 13394
2024-09-19  6:55:55 0 [Note] InnoDB: Loading buffer pool(s) from D:\xampp\mysql\data\ib_buffer_pool
2024-09-19  6:55:55 0 [Note] Plugin 'FEEDBACK' is disabled.
2024-09-19  6:55:55 0 [Note] Server socket created on IP: '::'.
2024-09-19  6:56:30 0 [Note] Starting MariaDB 10.4.32-MariaDB source revision c4143f909528e3fab0677a28631d10389354c491 as process 16452
2024-09-19  6:56:30 0 [Note] InnoDB: Mutexes and rw_locks use Windows interlocked functions
2024-09-19  6:56:30 0 [Note] InnoDB: Uses event mutexes
2024-09-19  6:56:30 0 [Note] InnoDB: Compressed tables use zlib 1.3
2024-09-19  6:56:30 0 [Note] InnoDB: Number of pools: 1
2024-09-19  6:56:30 0 [Note] InnoDB: Using SSE2 crc32 instructions
2024-09-19  6:56:30 0 [Note] InnoDB: Initializing buffer pool, total size = 16M, instances = 1, chunk size = 16M
2024-09-19  6:56:30 0 [Note] InnoDB: Completed initialization of buffer pool
2024-09-19  6:56:30 0 [Note] InnoDB: 128 out of 128 rollback segments are active.
2024-09-19  6:56:30 0 [Note] InnoDB: Creating shared tablespace for temporary tables
2024-09-19  6:56:30 0 [Note] InnoDB: Setting file 'D:\xampp\mysql\data\ibtmp1' size to 12 MB. Physically writing the file full; Please wait ...
2024-09-19  6:56:30 0 [Note] InnoDB: File 'D:\xampp\mysql\data\ibtmp1' size is now 12 MB.
2024-09-19  6:56:30 0 [Note] InnoDB: Waiting for purge to start
2024-09-19  6:56:30 0 [Note] InnoDB: 10.4.32 started; log sequence number 20063707; transaction id 13394
2024-09-19  6:56:30 0 [Note] InnoDB: Loading buffer pool(s) from D:\xampp\mysql\data\ib_buffer_pool
2024-09-19  6:56:30 0 [Note] Plugin 'FEEDBACK' is disabled.
2024-09-19  6:56:30 0 [Note] Server socket created on IP: '::'.
2024-09-19  6:57:26 0 [Note] Starting MariaDB 10.4.32-MariaDB source revision c4143f909528e3fab0677a28631d10389354c491 as process 11112
2024-09-19  6:57:26 0 [Note] InnoDB: Mutexes and rw_locks use Windows interlocked functions
2024-09-19  6:57:26 0 [Note] InnoDB: Uses event mutexes
2024-09-19  6:57:26 0 [Note] InnoDB: Compressed tables use zlib 1.3
2024-09-19  6:57:26 0 [Note] InnoDB: Number of pools: 1
2024-09-19  6:57:26 0 [Note] InnoDB: Using SSE2 crc32 instructions
2024-09-19  6:57:26 0 [Note] InnoDB: Initializing buffer pool, total size = 16M, instances = 1, chunk size = 16M
2024-09-19  6:57:26 0 [Note] InnoDB: Completed initialization of buffer pool
2024-09-19  6:57:26 0 [Note] InnoDB: 128 out of 128 rollback segments are active.
2024-09-19  6:57:26 0 [Note] InnoDB: Creating shared tablespace for temporary tables
2024-09-19  6:57:26 0 [Note] InnoDB: Setting file 'D:\xampp\mysql\data\ibtmp1' size to 12 MB. Physically writing the file full; Please wait ...
2024-09-19  6:57:26 0 [Note] InnoDB: File 'D:\xampp\mysql\data\ibtmp1' size is now 12 MB.
2024-09-19  6:57:26 0 [Note] InnoDB: Waiting for purge to start
2024-09-19  6:57:27 0 [Note] InnoDB: 10.4.32 started; log sequence number 20063716; transaction id 13394
2024-09-19  6:57:27 0 [Note] InnoDB: Loading buffer pool(s) from D:\xampp\mysql\data\ib_buffer_pool
2024-09-19  6:57:27 0 [Note] Plugin 'FEEDBACK' is disabled.
2024-09-19  6:57:27 0 [Note] Server socket created on IP: '::'.
2024-09-19  6:57:40 0 [Note] Starting MariaDB 10.4.32-MariaDB source revision c4143f909528e3fab0677a28631d10389354c491 as process 24012
2024-09-19  6:57:40 0 [Note] InnoDB: Mutexes and rw_locks use Windows interlocked functions
2024-09-19  6:57:40 0 [Note] InnoDB: Uses event mutexes
2024-09-19  6:57:40 0 [Note] InnoDB: Compressed tables use zlib 1.3
2024-09-19  6:57:40 0 [Note] InnoDB: Number of pools: 1
2024-09-19  6:57:40 0 [Note] InnoDB: Using SSE2 crc32 instructions
2024-09-19  6:57:40 0 [Note] InnoDB: Initializing buffer pool, total size = 16M, instances = 1, chunk size = 16M
2024-09-19  6:57:40 0 [Note] InnoDB: Completed initialization of buffer pool
2024-09-19  6:57:40 0 [Note] InnoDB: 128 out of 128 rollback segments are active.
2024-09-19  6:57:40 0 [Note] InnoDB: Creating shared tablespace for temporary tables
2024-09-19  6:57:40 0 [Note] InnoDB: Setting file 'D:\xampp\mysql\data\ibtmp1' size to 12 MB. Physically writing the file full; Please wait ...
2024-09-19  6:57:40 0 [Note] InnoDB: File 'D:\xampp\mysql\data\ibtmp1' size is now 12 MB.
2024-09-19  6:57:40 0 [Note] InnoDB: Waiting for purge to start
2024-09-19  6:57:40 0 [Note] InnoDB: 10.4.32 started; log sequence number 20063725; transaction id 13394
2024-09-19  6:57:40 0 [Note] InnoDB: Loading buffer pool(s) from D:\xampp\mysql\data\ib_buffer_pool
2024-09-19  6:57:40 0 [Note] Plugin 'FEEDBACK' is disabled.
2024-09-19  6:57:40 0 [Note] Server socket created on IP: '::'.
2024-09-19 2024-09-19  6:59:10 0 [Note] Starting MariaDB 10.4.32-MariaDB source revision c4143f909528e3fab0677a28631d10389354c491 as process 9260
2024-09-19  6:59:10 0 [Note] InnoDB: Mutexes and rw_locks use Windows interlocked functions
2024-09-19  6:59:10 0 [Note] InnoDB: Uses event mutexes
2024-09-19  6:59:10 0 [Note] InnoDB: Compressed tables use zlib 1.3
2024-09-19  6:59:10 0 [Note] InnoDB: Number of pools: 1
2024-09-19  6:59:10 0 [Note] InnoDB: Using SSE2 crc32 instructions
2024-09-19  6:59:10 0 [Note] InnoDB: Initializing buffer pool, total size = 16M, instances = 1, chunk size = 16M
2024-09-19  6:59:10 0 [Note] InnoDB: Completed initialization of buffer pool
2024-09-19  6:59:11 0 [Note] InnoDB: 128 out of 128 rollback segments are active.
2024-09-19  6:59:11 0 [Note] InnoDB: Creating shared tablespace for temporary tables
2024-09-19  6:59:11 0 [Note] InnoDB: Setting file 'D:\xampp\mysql\data\ibtmp1' size to 12 MB. Physically writing the file full; Please wait ...
2024-09-19  6:59:11 0 [Note] InnoDB: File 'D:\xampp\mysql\data\ibtmp1' size is now 12 MB.
2024-09-19  6:59:11 0 [Note] InnoDB: Waiting for purge to start
2024-09-19  6:59:11 0 [Note] InnoDB: 10.4.32 started; log sequence number 20063734; transaction id 13394
2024-09-19  6:59:11 0 [Note] InnoDB: Loading buffer pool(s) from D:\xampp\mysql\data\ib_buffer_pool
2024-09-19  6:59:11 0 [Note] Plugin 'FEEDBACK' is disabled.
2024-09-19  6:59:11 0 [Note] Server socket created on IP: '::'.
2024-09-19  7:01:11 0 [Note] Starting MariaDB 10.4.32-MariaDB source revision c4143f909528e3fab0677a28631d10389354c491 as process 22108
2024-09-19  7:01:11 0 [Note] InnoDB: Mutexes and rw_locks use Windows interlocked functions
2024-09-19  7:01:11 0 [Note] InnoDB: Uses event mutexes
2024-09-19  7:01:11 0 [Note] InnoDB: Compressed tables use zlib 1.3
2024-09-19  7:01:11 0 [Note] InnoDB: Number of pools: 1
2024-09-19  7:01:11 0 [Note] InnoDB: Using SSE2 crc32 instructions
2024-09-19  7:01:11 0 [Note] InnoDB: Initializing buffer pool, total size = 16M, instances = 1, chunk size = 16M
2024-09-19  7:01:11 0 [Note] InnoDB: Completed initialization of buffer pool
2024-09-19  7:01:12 0 [Note] InnoDB: 128 out of 128 rollback segments are active.
2024-09-19  7:01:12 0 [Note] InnoDB: Creating shared tablespace for temporary tables
2024-09-19  7:01:12 0 [Note] InnoDB: Setting file 'D:\xampp\mysql\data\ibtmp1' size to 12 MB. Physically writing the file full; Please wait ...
2024-09-19  7:01:12 0 [Note] InnoDB: File 'D:\xampp\mysql\data\ibtmp1' size is now 12 MB.
2024-09-19  7:01:12 0 [Note] InnoDB: Waiting for purge to start
2024-09-19  7:01:12 0 [Note] InnoDB: 10.4.32 started; log sequence number 20063759; transaction id 13394
2024-09-19  7:01:12 0 [Note] InnoDB: Loading buffer pool(s) from D:\xampp\mysql\data\ib_buffer_pool
2024-09-19  7:01:12 0 [Note] Plugin 'FEEDBACK' is disabled.
2024-09-19  7:01:12 0 [Note] Server socket created on IP: '::'.
2024-09-19  7:09:49 0 [Note] Starting MariaDB 10.4.32-MariaDB source revision c4143f909528e3fab0677a28631d10389354c491 as process 3288
2024-09-19  7:09:49 0 [Note] InnoDB: Mutexes and rw_locks use Windows interlocked functions
2024-09-19  7:09:49 0 [Note] InnoDB: Uses event mutexes
2024-09-19  7:09:49 0 [Note] InnoDB: Compressed tables use zlib 1.3
2024-09-19  7:09:49 0 [Note] InnoDB: Number of pools: 1
2024-09-19  7:09:49 0 [Note] InnoDB: Using SSE2 crc32 instructions
2024-09-19  7:09:49 0 [Note] InnoDB: Initializing buffer pool, total size = 16M, instances = 1, chunk size = 16M
2024-09-19  7:09:49 0 [Note] InnoDB: Completed initialization of buffer pool
2024-09-19  7:09:50 0 [Note] InnoDB: 128 out of 128 rollback segments are active.
2024-09-19  7:09:50 0 [Note] InnoDB: Removed temporary tablespace data file: "ibtmp1"
2024-09-19  7:09:50 0 [Note] InnoDB: Creating shared tablespace for temporary tables
2024-09-19  7:09:50 0 [Note] InnoDB: Setting file 'D:\xampp\mysql\data\ibtmp1' size to 12 MB. Physically writing the file full; Please wait ...
2024-09-19  7:09:50 0 [Note] InnoDB: File 'D:\xampp\mysql\data\ibtmp1' size is now 12 MB.
2024-09-19  7:09:50 0 [Note] InnoDB: Waiting for purge to start
2024-09-19  7:09:50 0 [Note] InnoDB: 10.4.32 started; log sequence number 20063759; transaction id 13394
2024-09-19  7:09:50 0 [Note] InnoDB: Loading buffer pool(s) from D:\xampp\mysql\data\ib_buffer_pool
2024-09-19  7:09:50 0 [Note] Plugin 'FEEDBACK' is disabled.
2024-09-19  7:09:50 0 [Note] InnoDB: Buffer pool(s) load completed at 240919  7:09:50
2024-09-19  7:09:50 0 [Note] Server socket created on IP: '::'.
2024-09-19  7:14:07 0 [Note] Starting MariaDB 10.4.32-MariaDB source revision c4143f909528e3fab0677a28631d10389354c491 as process 23764
2024-09-19  7:14:07 0 [Note] InnoDB: Mutexes and rw_locks use Windows interlocked functions
2024-09-19  7:14:07 0 [Note] InnoDB: Uses event mutexes
2024-09-19  7:14:07 0 [Note] InnoDB: Compressed tables use zlib 1.3
2024-09-19  7:14:07 0 [Note] InnoDB: Number of pools: 1
2024-09-19  7:14:07 0 [Note] InnoDB: Using SSE2 crc32 instructions
2024-09-19  7:14:07 0 [Note] InnoDB: Initializing buffer pool, total size = 16M, instances = 1, chunk size = 16M
2024-09-19  7:14:07 0 [Note] InnoDB: Completed initialization of buffer pool
2024-09-19  7:14:07 0 [Note] InnoDB: 128 out of 128 rollback segments are active.
2024-09-19  7:14:07 0 [Note] InnoDB: Creating shared tablespace for temporary tables
2024-09-19  7:14:07 0 [Note] InnoDB: Setting file 'D:\xampp\mysql\data\ibtmp1' size to 12 MB. Physically writing the file full; Please wait ...
2024-09-19  7:14:07 0 [Note] InnoDB: File 'D:\xampp\mysql\data\ibtmp1' size is now 12 MB.
2024-09-19  7:14:07 0 [Note] InnoDB: Waiting for purge to start
2024-09-19  7:14:07 0 [Note] InnoDB: 10.4.32 started; log sequence number 20063768; transaction id 13394
2024-09-19  7:14:07 0 [Note] InnoDB: Loading buffer pool(s) from D:\xampp\mysql\data\ib_buffer_pool
2024-09-19  7:14:07 0 [Note] Plugin 'FEEDBACK' is disabled.
2024-09-19  7:14:07 0 [Note] Server socket created on IP: '::'.
2024-09-19  7:14:16 0 [Note] Starting MariaDB 10.4.32-MariaDB source revision c4143f909528e3fab0677a28631d10389354c491 as process 2764
2024-09-19  7:14:16 0 [Note] InnoDB: Mutexes and rw_locks use Windows interlocked functions
2024-09-19  7:14:16 0 [Note] InnoDB: Uses event mutexes
2024-09-19  7:14:16 0 [Note] InnoDB: Compressed tables use zlib 1.3
2024-09-19  7:14:16 0 [Note] InnoDB: Number of pools: 1
2024-09-19  7:14:16 0 [Note] InnoDB: Using SSE2 crc32 instructions
2024-09-19  7:14:16 0 [Note] InnoDB: Initializing buffer pool, total size = 16M, instances = 1, chunk size = 16M
2024-09-19  7:14:16 0 [Note] InnoDB: Completed initialization of buffer pool
2024-09-19  7:14:16 0 [Note] InnoDB: Starting crash recovery from checkpoint LSN=20063768
2024-09-19  7:14:16 0 [Note] InnoDB: 128 out of 128 rollback segments are active.
2024-09-19  7:14:16 0 [Note] InnoDB: Removed temporary tablespace data file: "ibtmp1"
2024-09-19  7:14:16 0 [Note] InnoDB: Creating shared tablespace for temporary tables
2024-09-19  7:14:16 0 [Note] InnoDB: Setting file 'D:\xampp\mysql\data\ibtmp1' size to 12 MB. Physically writing the file full; Please wait ...
2024-09-19  7:14:16 0 [Note] InnoDB: File 'D:\xampp\mysql\data\ibtmp1' size is now 12 MB.
2024-09-19  7:14:17 0 [Note] InnoDB: Waiting for purge to start
2024-09-19  7:14:17 0 [Note] InnoDB: 10.4.32 started; log sequence number 20063777; transaction id 13394
2024-09-19  7:14:17 0 [Note] InnoDB: Loading buffer pool(s) from D:\xampp\mysql\data\ib_buffer_pool
2024-09-19  7:14:17 0 [Note] Plugin 'FEEDBACK' is disabled.
2024-09-19  7:14:17 0 [Note] Server socket created on IP: '::'.
2024-09-19  7:14:17 0 [Not